<?xml version="1.0" encoding="UTF-8"?>
<!-- Generated by org.testng.reporters.JUnitXMLReporter -->
<testsuite ignored="0" hostname="LAPTOP-MB7DGVQG" failures="0" tests="5" name="Test" time="51.374" errors="0" timestamp="2023-11-16T15:07:26 IST">
  <testcase classname="P21Jan2024.e2e.Login1" name="f" time="2.201"/>
  <testcase classname="P21Jan2024.e2e.Dev1.Dev1" name="f" time="6.104"/>
  <testcase classname="P21Jan2024.e2e.Dev1.Dev2" name="f" time="6.107"/>
  <testcase classname="P21Jan2024.e2e.DevOps1.DevOps1" name="f" time="6.099"/>
  <testcase classname="P21Jan2024.e2e.QA1.QA1" name="f" time="6.108"/>
</testsuite> <!-- Test -->
