<?xml version="1.0" encoding="UTF-8"?>
<testng-results ignored="0" total="5" passed="5" failed="0" skipped="0">
  <reporter-output>
  </reporter-output>
  <suite started-at="2023-11-16T15:06:35 IST" name="Suite" finished-at="2023-11-16T15:07:26 IST" duration-ms="51374">
    <groups>
    </groups>
    <test started-at="2023-11-16T15:06:35 IST" name="Test" finished-at="2023-11-16T15:07:26 IST" duration-ms="51374">
      <class name="P21Jan2024.e2e.QA1.QA1">
        <test-method is-config="true" signature="setUp()[pri:0, instance:P21Jan2024.e2e.QA1.QA1@770c2e6b]" started-at="2023-11-16T15:07:15 IST" name="setUp" finished-at="2023-11-16T15:07:19 IST" duration-ms="4436" status="PASS">
          <reporter-output>
          </reporter-output>
        </test-method> <!-- setUp -->
        <test-method signature="f()[pri:0, instance:P21Jan2024.e2e.QA1.QA1@770c2e6b]" started-at="2023-11-16T15:07:19 IST" name="f" finished-at="2023-11-16T15:07:25 IST" duration-ms="6108" status="PASS">
          <reporter-output>
          </reporter-output>
        </test-method> <!-- f -->
        <test-method is-config="true" signature="tearDown()[pri:0, instance:P21Jan2024.e2e.QA1.QA1@770c2e6b]" started-at="2023-11-16T15:07:25 IST" name="tearDown" finished-at="2023-11-16T15:07:26 IST" duration-ms="810" status="PASS">
          <reporter-output>
          </reporter-output>
        </test-method> <!-- tearDown -->
        <test-method is-config="true" signature="teradown()[pri:0, instance:P21Jan2024.e2e.QA1.QA1@770c2e6b]" started-at="2023-11-16T15:07:26 IST" name="teradown" finished-at="2023-11-16T15:07:26 IST" duration-ms="0" status="PASS">
          <reporter-output>
          </reporter-output>
        </test-method> <!-- teradown -->
      </class> <!-- P21Jan2024.e2e.QA1.QA1 -->
      <class name="P21Jan2024.e2e.DevOps1.DevOps1">
        <test-method is-config="true" signature="setUp()[pri:0, instance:P21Jan2024.e2e.DevOps1.DevOps1@c540f5a]" started-at="2023-11-16T15:07:03 IST" name="setUp" finished-at="2023-11-16T15:07:08 IST" duration-ms="4720" status="PASS">
          <reporter-output>
          </reporter-output>
        </test-method> <!-- setUp -->
        <test-method signature="f()[pri:0, instance:P21Jan2024.e2e.DevOps1.DevOps1@c540f5a]" started-at="2023-11-16T15:07:08 IST" name="f" finished-at="2023-11-16T15:07:14 IST" duration-ms="6099" status="PASS">
          <reporter-output>
          </reporter-output>
        </test-method> <!-- f -->
        <test-method is-config="true" signature="tearDown()[pri:0, instance:P21Jan2024.e2e.DevOps1.DevOps1@c540f5a]" started-at="2023-11-16T15:07:14 IST" name="tearDown" finished-at="2023-11-16T15:07:15 IST" duration-ms="886" status="PASS">
          <reporter-output>
          </reporter-output>
        </test-method> <!-- tearDown -->
        <test-method is-config="true" signature="teradown()[pri:0, instance:P21Jan2024.e2e.DevOps1.DevOps1@c540f5a]" started-at="2023-11-16T15:07:26 IST" name="teradown" finished-at="2023-11-16T15:07:26 IST" duration-ms="0" status="PASS">
          <reporter-output>
          </reporter-output>
        </test-method> <!-- teradown -->
      </class> <!-- P21Jan2024.e2e.DevOps1.DevOps1 -->
      <class name="P21Jan2024.e2e.Dev1.Dev2">
        <test-method is-config="true" signature="setUp()[pri:0, instance:P21Jan2024.e2e.Dev1.Dev2@7bb58ca3]" started-at="2023-11-16T15:06:52 IST" name="setUp" finished-at="2023-11-16T15:06:56 IST" duration-ms="4430" status="PASS">
          <reporter-output>
          </reporter-output>
        </test-method> <!-- setUp -->
        <test-method signature="f()[pri:0, instance:P21Jan2024.e2e.Dev1.Dev2@7bb58ca3]" started-at="2023-11-16T15:06:56 IST" name="f" finished-at="2023-11-16T15:07:02 IST" duration-ms="6107" status="PASS">
          <reporter-output>
          </reporter-output>
        </test-method> <!-- f -->
        <test-method is-config="true" signature="tearDown()[pri:0, instance:P21Jan2024.e2e.Dev1.Dev2@7bb58ca3]" started-at="2023-11-16T15:07:02 IST" name="tearDown" finished-at="2023-11-16T15:07:03 IST" duration-ms="776" status="PASS">
          <reporter-output>
          </reporter-output>
        </test-method> <!-- tearDown -->
        <test-method is-config="true" signature="teradown()[pri:0, instance:P21Jan2024.e2e.Dev1.Dev2@7bb58ca3]" started-at="2023-11-16T15:07:26 IST" name="teradown" finished-at="2023-11-16T15:07:26 IST" duration-ms="0" status="PASS">
          <reporter-output>
          </reporter-output>
        </test-method> <!-- teradown -->
      </class> <!-- P21Jan2024.e2e.Dev1.Dev2 -->
      <class name="P21Jan2024.e2e.Dev1.Dev1">
        <test-method is-config="true" signature="setUp()[pri:0, instance:P21Jan2024.e2e.Dev1.Dev1@57175e74]" started-at="2023-11-16T15:06:41 IST" name="setUp" finished-at="2023-11-16T15:06:45 IST" duration-ms="4270" status="PASS">
          <reporter-output>
          </reporter-output>
        </test-method> <!-- setUp -->
        <test-method signature="f()[pri:0, instance:P21Jan2024.e2e.Dev1.Dev1@57175e74]" started-at="2023-11-16T15:06:45 IST" name="f" finished-at="2023-11-16T15:06:51 IST" duration-ms="6104" status="PASS">
          <reporter-output>
          </reporter-output>
        </test-method> <!-- f -->
        <test-method is-config="true" signature="tearDown()[pri:0, instance:P21Jan2024.e2e.Dev1.Dev1@57175e74]" started-at="2023-11-16T15:06:51 IST" name="tearDown" finished-at="2023-11-16T15:06:52 IST" duration-ms="762" status="PASS">
          <reporter-output>
          </reporter-output>
        </test-method> <!-- tearDown -->
        <test-method is-config="true" signature="teradown()[pri:0, instance:P21Jan2024.e2e.Dev1.Dev1@57175e74]" started-at="2023-11-16T15:07:26 IST" name="teradown" finished-at="2023-11-16T15:07:26 IST" duration-ms="0" status="PASS">
          <reporter-output>
          </reporter-output>
        </test-method> <!-- teradown -->
      </class> <!-- P21Jan2024.e2e.Dev1.Dev1 -->
      <class name="P21Jan2024.e2e.Login1">
        <test-method is-config="true" signature="setUp()[pri:0, instance:P21Jan2024.e2e.Login1@2b4a2ec7]" started-at="2023-11-16T15:06:35 IST" name="setUp" finished-at="2023-11-16T15:06:38 IST" duration-ms="2707" status="PASS">
          <reporter-output>
          </reporter-output>
        </test-method> <!-- setUp -->
        <test-method signature="f()[pri:0, instance:P21Jan2024.e2e.Login1@2b4a2ec7]" started-at="2023-11-16T15:06:38 IST" name="f" finished-at="2023-11-16T15:06:40 IST" duration-ms="2201" status="PASS">
          <reporter-output>
          </reporter-output>
        </test-method> <!-- f -->
        <test-method is-config="true" signature="tearDown()[pri:0, instance:P21Jan2024.e2e.Login1@2b4a2ec7]" started-at="2023-11-16T15:06:40 IST" name="tearDown" finished-at="2023-11-16T15:06:41 IST" duration-ms="929" status="PASS">
          <reporter-output>
          </reporter-output>
        </test-method> <!-- tearDown -->
      </class> <!-- P21Jan2024.e2e.Login1 -->
    </test> <!-- Test -->
  </suite> <!-- Suite -->
</testng-results>
